CRITICAL - 2025-10-06 20:55:22 --> ErrorException: Array to string conversion
[Method: GET, Route: /]
in APPPATH\Views\v_formations.php on line 33.
 1 APPPATH\Views\v_formations.php(33): CodeIgniter\Debug\Exceptions->errorHandler(2, 'Array to string conversion', 'C:\\wamp64\\www\\portfolio\\app\\Views\\v_formations.php', 33)
 2 SYSTEMPATH\View\View.php(226): include('C:\\wamp64\\www\\portfolio\\app\\Views\\v_formations.php')
 3 SYSTEMPATH\View\View.php(229): CodeIgniter\View\View->CodeIgniter\View\{closure}()
 4 SYSTEMPATH\Common.php(1167): CodeIgniter\View\View->render('v_formations', [], true)
 5 APPPATH\Controllers\c_home.php(17): view('v_formations')
 6 SYSTEMPATH\CodeIgniter.php(933): App\Controllers\c_home->index()
 7 SYSTEMPATH\CodeIgniter.php(507): CodeIgniter\CodeIgniter->runController(Object(App\Controllers\c_home))
 8 SYSTEMPATH\CodeIgniter.php(354): CodeIgniter\CodeIgniter->handleRequest(null, Object(Config\Cache), false)
 9 SYSTEMPATH\Boot.php(363): CodeIgniter\CodeIgniter->run()
10 SYSTEMPATH\Boot.php(68): CodeIgniter\Boot::runCodeIgniter(Object(CodeIgniter\CodeIgniter))
11 FCPATH\index.php(59): CodeIgniter\Boot::bootWeb(Object(Config\Paths))
CRITICAL - 2025-10-06 20:56:22 --> ErrorException: Array to string conversion
[Method: GET, Route: /]
in APPPATH\Views\v_formations.php on line 33.
 1 APPPATH\Views\v_formations.php(33): CodeIgniter\Debug\Exceptions->errorHandler(2, 'Array to string conversion', 'C:\\wamp64\\www\\portfolio\\app\\Views\\v_formations.php', 33)
 2 SYSTEMPATH\View\View.php(226): include('C:\\wamp64\\www\\portfolio\\app\\Views\\v_formations.php')
 3 SYSTEMPATH\View\View.php(229): CodeIgniter\View\View->CodeIgniter\View\{closure}()
 4 SYSTEMPATH\Common.php(1167): CodeIgniter\View\View->render('v_formations', [], true)
 5 APPPATH\Controllers\c_home.php(17): view('v_formations')
 6 SYSTEMPATH\CodeIgniter.php(933): App\Controllers\c_home->index()
 7 SYSTEMPATH\CodeIgniter.php(507): CodeIgniter\CodeIgniter->runController(Object(App\Controllers\c_home))
 8 SYSTEMPATH\CodeIgniter.php(354): CodeIgniter\CodeIgniter->handleRequest(null, Object(Config\Cache), false)
 9 SYSTEMPATH\Boot.php(363): CodeIgniter\CodeIgniter->run()
10 SYSTEMPATH\Boot.php(68): CodeIgniter\Boot::runCodeIgniter(Object(CodeIgniter\CodeIgniter))
11 FCPATH\index.php(59): CodeIgniter\Boot::bootWeb(Object(Config\Paths))
CRITICAL - 2025-10-06 20:56:24 --> ErrorException: Array to string conversion
[Method: GET, Route: /]
in APPPATH\Views\v_formations.php on line 33.
 1 APPPATH\Views\v_formations.php(33): CodeIgniter\Debug\Exceptions->errorHandler(2, 'Array to string conversion', 'C:\\wamp64\\www\\portfolio\\app\\Views\\v_formations.php', 33)
 2 SYSTEMPATH\View\View.php(226): include('C:\\wamp64\\www\\portfolio\\app\\Views\\v_formations.php')
 3 SYSTEMPATH\View\View.php(229): CodeIgniter\View\View->CodeIgniter\View\{closure}()
 4 SYSTEMPATH\Common.php(1167): CodeIgniter\View\View->render('v_formations', [], true)
 5 APPPATH\Controllers\c_home.php(17): view('v_formations')
 6 SYSTEMPATH\CodeIgniter.php(933): App\Controllers\c_home->index()
 7 SYSTEMPATH\CodeIgniter.php(507): CodeIgniter\CodeIgniter->runController(Object(App\Controllers\c_home))
 8 SYSTEMPATH\CodeIgniter.php(354): CodeIgniter\CodeIgniter->handleRequest(null, Object(Config\Cache), false)
 9 SYSTEMPATH\Boot.php(363): CodeIgniter\CodeIgniter->run()
10 SYSTEMPATH\Boot.php(68): CodeIgniter\Boot::runCodeIgniter(Object(CodeIgniter\CodeIgniter))
11 FCPATH\index.php(59): CodeIgniter\Boot::bootWeb(Object(Config\Paths))
CRITICAL - 2025-10-06 20:56:25 --> ErrorException: Array to string conversion
[Method: GET, Route: /]
in APPPATH\Views\v_formations.php on line 33.
 1 APPPATH\Views\v_formations.php(33): CodeIgniter\Debug\Exceptions->errorHandler(2, 'Array to string conversion', 'C:\\wamp64\\www\\portfolio\\app\\Views\\v_formations.php', 33)
 2 SYSTEMPATH\View\View.php(226): include('C:\\wamp64\\www\\portfolio\\app\\Views\\v_formations.php')
 3 SYSTEMPATH\View\View.php(229): CodeIgniter\View\View->CodeIgniter\View\{closure}()
 4 SYSTEMPATH\Common.php(1167): CodeIgniter\View\View->render('v_formations', [], true)
 5 APPPATH\Controllers\c_home.php(17): view('v_formations')
 6 SYSTEMPATH\CodeIgniter.php(933): App\Controllers\c_home->index()
 7 SYSTEMPATH\CodeIgniter.php(507): CodeIgniter\CodeIgniter->runController(Object(App\Controllers\c_home))
 8 SYSTEMPATH\CodeIgniter.php(354): CodeIgniter\CodeIgniter->handleRequest(null, Object(Config\Cache), false)
 9 SYSTEMPATH\Boot.php(363): CodeIgniter\CodeIgniter->run()
10 SYSTEMPATH\Boot.php(68): CodeIgniter\Boot::runCodeIgniter(Object(CodeIgniter\CodeIgniter))
11 FCPATH\index.php(59): CodeIgniter\Boot::bootWeb(Object(Config\Paths))
CRITICAL - 2025-10-06 20:59:30 --> ErrorException: Undefined array key "entrepriseLogo"
[Method: GET, Route: /]
in APPPATH\Views\v_formations.php on line 32.
 1 APPPATH\Views\v_formations.php(32): CodeIgniter\Debug\Exceptions->errorHandler(2, 'Undefined array key "entrepriseLogo"', 'C:\\wamp64\\www\\portfolio\\app\\Views\\v_formations.php', 32)
 2 SYSTEMPATH\View\View.php(226): include('C:\\wamp64\\www\\portfolio\\app\\Views\\v_formations.php')
 3 SYSTEMPATH\View\View.php(229): CodeIgniter\View\View->CodeIgniter\View\{closure}()
 4 SYSTEMPATH\Common.php(1167): CodeIgniter\View\View->render('v_formations', [], true)
 5 APPPATH\Controllers\c_home.php(17): view('v_formations')
 6 SYSTEMPATH\CodeIgniter.php(933): App\Controllers\c_home->index()
 7 SYSTEMPATH\CodeIgniter.php(507): CodeIgniter\CodeIgniter->runController(Object(App\Controllers\c_home))
 8 SYSTEMPATH\CodeIgniter.php(354): CodeIgniter\CodeIgniter->handleRequest(null, Object(Config\Cache), false)
 9 SYSTEMPATH\Boot.php(363): CodeIgniter\CodeIgniter->run()
10 SYSTEMPATH\Boot.php(68): CodeIgniter\Boot::runCodeIgniter(Object(CodeIgniter\CodeIgniter))
11 FCPATH\index.php(59): CodeIgniter\Boot::bootWeb(Object(Config\Paths))
CRITICAL - 2025-10-06 20:59:32 --> ErrorException: Undefined array key "entrepriseLogo"
[Method: GET, Route: /]
in APPPATH\Views\v_formations.php on line 32.
 1 APPPATH\Views\v_formations.php(32): CodeIgniter\Debug\Exceptions->errorHandler(2, 'Undefined array key "entrepriseLogo"', 'C:\\wamp64\\www\\portfolio\\app\\Views\\v_formations.php', 32)
 2 SYSTEMPATH\View\View.php(226): include('C:\\wamp64\\www\\portfolio\\app\\Views\\v_formations.php')
 3 SYSTEMPATH\View\View.php(229): CodeIgniter\View\View->CodeIgniter\View\{closure}()
 4 SYSTEMPATH\Common.php(1167): CodeIgniter\View\View->render('v_formations', [], true)
 5 APPPATH\Controllers\c_home.php(17): view('v_formations')
 6 SYSTEMPATH\CodeIgniter.php(933): App\Controllers\c_home->index()
 7 SYSTEMPATH\CodeIgniter.php(507): CodeIgniter\CodeIgniter->runController(Object(App\Controllers\c_home))
 8 SYSTEMPATH\CodeIgniter.php(354): CodeIgniter\CodeIgniter->handleRequest(null, Object(Config\Cache), false)
 9 SYSTEMPATH\Boot.php(363): CodeIgniter\CodeIgniter->run()
10 SYSTEMPATH\Boot.php(68): CodeIgniter\Boot::runCodeIgniter(Object(CodeIgniter\CodeIgniter))
11 FCPATH\index.php(59): CodeIgniter\Boot::bootWeb(Object(Config\Paths))
